<?xml version="1.0" encoding="UTF-8"?>
<!-- Generated by org.testng.reporters.JUnitReportReporter -->
<testsuite hostname="MINNESOTA" name="tests.test" tests="1" failures="0" timestamp="22 Oct 2014 08:52:36 GMT" time="14.420" errors="0">
  <testcase name="testsomething" time="14.420" classname="tests.test"/>
</testsuite> <!-- tests.test -->
